<?xml version="1.0" encoding="UTF-8"?>
<!-- Generated by org.testng.reporters.JUnitXMLReporter -->
<testsuite ignored="2" hostname="USBLRPRADEEPG21" failures="0" tests="5" name="Car Loan test" time="0.141" errors="0" timestamp="2024-03-03T23:17:03 IST">
  <testcase classname="testngpractise.Carloantest" name="CarLoan" time="0.02"/>
  <testcase classname="testngpractise.Carloantest" name="CarLoanMobile" time="0.005"/>
  <testcase classname="testngpractise.Carloantest" name="CarLoanVR" time="0.002"/>
  <testcase classname="testngpractise.Carloantest" name="CarLoanVR" time="0.002"/>
  <testcase classname="testngpractise.Carloantest" name="CarLoanVR" time="0.002"/>
  <testcase classname="testngpractise.Carloantest" name="BeforeMethod" time="0.0">
    <ignored/>
  </testcase> <!-- BeforeMethod -->
  <testcase classname="testngpractise.Carloantest" name="Aftermethod" time="0.0">
    <ignored/>
  </testcase> <!-- Aftermethod -->
</testsuite> <!-- Car Loan test -->
