<?xml version="1.0" encoding="UTF-8"?>
<!-- Generated by org.testng.reporters.JUnitXMLReporter -->
<testsuite ignored="1" hostname="USBLRPRADEEPG21" failures="0" tests="7" name="Car and Home Loan XML File Test" time="0.044" errors="0" timestamp="2023-08-06T17:43:57 IST">
  <testcase classname="testngcodes.Basics3" name="CarLoanAPI" time="0.002"/>
  <testcase classname="testngcodes.Basics3" name="CarLoanMobile" time="0.003"/>
  <testcase classname="testngcodes.Basics3" name="CarLoanWeb" time="0.003"/>
  <testcase classname="testngcodes.Basics3" name="EVCarLoan" time="0.003"/>
  <testcase classname="testngcodes.Basics3" name="Loan" time="0.003"/>
  <testcase classname="testngcodes.Basics3" name="Loan" time="0.002"/>
  <testcase classname="testngcodes.Basics3" name="Loan" time="0.002"/>
  <testcase classname="testngcodes.Basics3" name="HomeLoanAPI" time="0.0">
    <ignored/>
  </testcase> <!-- HomeLoanAPI -->
</testsuite> <!-- Car and Home Loan XML File Test -->
