<?xml version="1.0" encoding="UTF-8"?>
<!-- Generated by org.testng.reporters.JUnitXMLReporter -->
<testsuite ignored="1" hostname="USBLRPRADEEPG21" failures="0" tests="2" name="Personal Loan XML File Test" time="0.092" errors="0" timestamp="2023-08-06T17:43:56 IST">
  <testcase classname="testngcodes.Basic" name="Demo" time="0.012"/>
  <testcase classname="testngcodes.Basics2" name="ploan" time="0.005"/>
  <testcase classname="testngcodes.Basic" name="SecondTest" time="0.0">
    <ignored/>
  </testcase> <!-- SecondTest -->
</testsuite> <!-- Personal Loan XML File Test -->
