<?xml version="1.0" encoding="UTF-8"?>
<!-- Generated by org.testng.reporters.JUnitXMLReporter -->
<testsuite ignored="8" hostname="USBLRPRADEEPG21" failures="0" tests="3" name="regression" time="0.124" errors="0" timestamp="2024-03-03T19:43:02 IST">
  <testcase classname="testngpractise.test2" name="practiselatemorning" time="0.025"/>
  <testcase classname="testngpractise.Carloantest" name="CarLoan" time="0.002"/>
  <testcase classname="testngpractise.Matchmsgs" name="TestMatch" time="0.003"/>
  <testcase classname="testngpractise.test2" name="nopratise" time="0.0">
    <ignored/>
  </testcase> <!-- nopratise -->
  <testcase classname="testngpractise.test2" name="practiseearlymorning" time="0.0">
    <ignored/>
  </testcase> <!-- practiseearlymorning -->
  <testcase classname="testngpractise.test1" name="basic" time="0.0">
    <ignored/>
  </testcase> <!-- basic -->
  <testcase classname="testngpractise.test1" name="basic3" time="0.0">
    <ignored/>
  </testcase> <!-- basic3 -->
  <testcase classname="testngpractise.test2" name="practisenight" time="0.0">
    <ignored/>
  </testcase> <!-- practisenight -->
  <testcase classname="testngpractise.test1" name="basic2" time="0.0">
    <ignored/>
  </testcase> <!-- basic2 -->
  <testcase classname="testngpractise.test2" name="practiseevening" time="0.0">
    <ignored/>
  </testcase> <!-- practiseevening -->
  <testcase classname="testngpractise.Carloantest" name="CarLoanMobile" time="0.0">
    <ignored/>
  </testcase> <!-- CarLoanMobile -->
</testsuite> <!-- regression -->
