<?xml version="1.0" encoding="UTF-8"?>
<!-- Generated by org.testng.reporters.JUnitXMLReporter -->
<testsuite ignored="6" hostname="USBLRPRADEEPG21" failures="0" tests="6" name="Test" time="0.142" errors="0" timestamp="2024-03-03T23:17:03 IST">
  <testcase classname="testngpractise.test1" name="basic" time="0.021"/>
  <testcase classname="testngpractise.test1" name="basic2" time="0.002"/>
  <testcase classname="testngpractise.test2" name="practiseearlymorning" time="0.002"/>
  <testcase classname="testngpractise.test2" name="practiselatemorning" time="0.002"/>
  <testcase classname="testngpractise.Matchmsgs" name="TestMatch" time="0.003"/>
  <testcase classname="testngpractise.test1" name="basic" time="0.002"/>
  <testcase classname="testngpractise.test2" name="nopratise" time="0.0">
    <ignored/>
  </testcase> <!-- nopratise -->
  <testcase classname="testngpractise.Matchmsgs" name="aftertest" time="0.0">
    <ignored/>
  </testcase> <!-- aftertest -->
  <testcase classname="testngpractise.test2" name="practisenight" time="0.0">
    <ignored/>
  </testcase> <!-- practisenight -->
  <testcase classname="testngpractise.test2" name="practiseevening" time="0.0">
    <ignored/>
  </testcase> <!-- practiseevening -->
  <testcase classname="testngpractise.Matchmsgs" name="beforetest" time="0.0">
    <ignored/>
  </testcase> <!-- beforetest -->
  <testcase classname="testngpractise.Matchmsgs" name="T20Match" time="0.0">
    <ignored/>
  </testcase> <!-- T20Match -->
</testsuite> <!-- Test -->
