<?xml version="1.0" encoding="UTF-8"?>
<testng-results ignored="0" total="1" passed="1" failed="0" skipped="0">
  <reporter-output>
  </reporter-output>
  <suite started-at="2024-03-06T09:46:13 IST" name="Default suite" finished-at="2024-03-06T09:46:13 IST" duration-ms="133">
    <groups>
    </groups>
    <test started-at="2024-03-06T09:46:13 IST" name="Default test" finished-at="2024-03-06T09:46:13 IST" duration-ms="133">
      <class name="testngpractise.PG1">
        <test-method signature="Pchild()[pri:0, instance:testngpractise.PG1@32eff876]" started-at="2024-03-06T09:46:13 IST" name="Pchild" finished-at="2024-03-06T09:46:13 IST" duration-ms="24" status="PASS">
          <reporter-output>
          </reporter-output>
        </test-method> <!-- Pchild -->
      </class> <!-- testngpractise.PG1 -->
    </test> <!-- Default test -->
  </suite> <!-- Default suite -->
</testng-results>
